<?xml version="1.0" encoding="UTF-8"?>
<!-- Generated by org.testng.reporters.JUnitReportReporter -->
<testsuite skipped="0" hostname="DESKTOP-NSU4I27" name="com.connex.Statnebegning" tests="4" failures="0" timestamp="2020-09-16T18:10:41 IST" time="85.796" errors="0">
  <testcase name="accura" time="18.081" classname="com.connex.Statnebegning"/>
  <system-out/>
  <testcase name="accura" time="19.111" classname="com.connex.Statnebegning"/>
  <system-out/>
  <testcase name="accura" time="28.537" classname="com.connex.Statnebegning"/>
  <system-out/>
  <testcase name="accura" time="20.067" classname="com.connex.Statnebegning"/>
  <system-out/>
</testsuite> <!-- com.connex.Statnebegning -->
