<?xml version="1.0" encoding="UTF-8"?>
<!-- Generated by org.testng.reporters.JUnitReportReporter -->
<testsuite skipped="0" hostname="DESKTOP-NSU4I27" name="com.connex.Revsec" tests="1" failures="0" timestamp="2020-07-08T15:51:33 IST" time="8.706" errors="0">
  <testcase name="open" time="8.706" classname="com.connex.Revsec"/>
  <system-out/>
</testsuite> <!-- com.connex.Revsec -->
