<?xml version="1.0" encoding="UTF-8"?>
<!-- Generated by org.testng.reporters.JUnitReportReporter -->
<testsuite skipped="1" hostname="DESKTOP-NSU4I27" name="testNG.SampleTestCase" tests="2" failures="0" timestamp="2020-05-25T13:48:19 IST" time="4.143" errors="0">
  <testcase name="opengoogle" time="4.143" classname="testNG.SampleTestCase"/>
  <system-out/>
  <testcase name="bing" classname="testNG.SampleTestCase">
    <skipped/>
  </testcase> <!-- bing -->
  <system-out/>
</testsuite> <!-- testNG.SampleTestCase -->
