<?xml version="1.0" encoding="UTF-8"?>
<!-- Generated by org.testng.reporters.JUnitReportReporter -->
<testsuite skipped="0" hostname="DESKTOP-NSU4I27" name="testNG.mynew" tests="1" failures="0" timestamp="2020-05-25T11:45:04 IST" time="7.051" errors="0">
  <testcase name="firstcase" time="7.051" classname="testNG.mynew"/>
  <system-out/>
</testsuite> <!-- testNG.mynew -->
