<?xml version="1.0" encoding="UTF-8"?>
<!-- Generated by org.testng.reporters.JUnitReportReporter -->
<testsuite skipped="0" hostname="DESKTOP-NSU4I27" name="com.orangehrm.Orangehhexample" tests="1" failures="0" timestamp="2020-10-13T11:42:11 IST" time="22.880" errors="0">
  <testcase name="Orrnhrm" time="22.880" classname="com.orangehrm.Orangehhexample"/>
  <system-out/>
</testsuite> <!-- com.orangehrm.Orangehhexample -->
