<?xml version="1.0" encoding="UTF-8"?>
<!-- Generated by org.testng.reporters.JUnitReportReporter -->
<testsuite skipped="0" hostname="DESKTOP-NSU4I27" name="com.connex.PpptExample" tests="1" failures="0" timestamp="2020-09-28T17:05:40 IST" time="11.832" errors="0">
  <testcase name="Proopen" time="11.832" classname="com.connex.PpptExample"/>
  <system-out/>
</testsuite> <!-- com.connex.PpptExample -->
