<?xml version="1.0" encoding="UTF-8"?>
<!-- Generated by org.testng.reporters.JUnitReportReporter -->
<testsuite skipped="0" hostname="DESKTOP-NSU4I27" name="testNG.Mypro" tests="1" failures="0" timestamp="2020-05-25T13:48:19 IST" time="8.686" errors="0">
  <testcase name="pri" time="8.686" classname="testNG.Mypro"/>
  <system-out/>
</testsuite> <!-- testNG.Mypro -->
